<?xml version="1.0" encoding="UTF-8"?>
<!-- Generated by org.testng.reporters.JUnitReportReporter -->
<testsuite hostname="DESKTOP-ECA6PBO" failures="0" tests="9" name="tests.Runner6" time="84.371" errors="0" timestamp="2024-03-05T01:09:15 GMT" skipped="0">
  <testcase classname="tests.Runner6" name="runScenario" time="3.497"/>
  <system-out/>
  <testcase classname="tests.Runner6" name="runScenario" time="15.800"/>
  <system-out/>
  <testcase classname="tests.Runner6" name="runScenario" time="3.240"/>
  <system-out/>
  <testcase classname="tests.Runner6" name="runScenario" time="15.408"/>
  <system-out/>
  <testcase classname="tests.Runner6" name="runScenario" time="9.686"/>
  <system-out/>
  <testcase classname="tests.Runner6" name="runScenario" time="11.390"/>
  <system-out/>
  <testcase classname="tests.Runner6" name="runScenario" time="10.218"/>
  <system-out/>
  <testcase classname="tests.Runner6" name="runScenario" time="5.464"/>
  <system-out/>
  <testcase classname="tests.Runner6" name="runScenario" time="9.668"/>
  <system-out/>
</testsuite> <!-- tests.Runner6 -->
