<?xml version="1.0" encoding="UTF-8"?>
<!-- Generated by org.testng.reporters.JUnitReportReporter -->
<testsuite hostname="DESKTOP-ECA6PBO" failures="0" tests="8" name="tests.Runner1" time="52.128" errors="0" timestamp="2024-03-05T01:45:50 GMT" skipped="0">
  <testcase classname="tests.Runner1" name="runScenario" time="7.490"/>
  <system-out/>
  <testcase classname="tests.Runner1" name="runScenario" time="11.526"/>
  <system-out/>
  <testcase classname="tests.Runner1" name="runScenario" time="9.618"/>
  <system-out/>
  <testcase classname="tests.Runner1" name="runScenario" time="2.990"/>
  <system-out/>
  <testcase classname="tests.Runner1" name="runScenario" time="7.520"/>
  <system-out/>
  <testcase classname="tests.Runner1" name="runScenario" time="2.037"/>
  <system-out/>
  <testcase classname="tests.Runner1" name="runScenario" time="7.541"/>
  <system-out/>
  <testcase classname="tests.Runner1" name="runScenario" time="3.406"/>
  <system-out/>
</testsuite> <!-- tests.Runner1 -->
